[00:17:35] [Datafixer Bootstrap/INFO]: 243 Datafixer optimizations took 89 milliseconds
[00:17:37] [Render thread/INFO]: Environment: Environment[sessionHost=https://sessionserver.mojang.com, servicesHost=https://api.minecraftservices.com, name=PROD]
[00:17:37] [Render thread/INFO]: Setting user: abdul_navalnul
[00:17:37] [Render thread/INFO]: Backend library: LWJGL version 3.3.3+5
[00:17:37] [Render thread/INFO]: Reloading ResourceManager: vanilla
[00:17:37] [Worker-Main-6/INFO]: Found unifont_all_no_pua-16.0.01.hex, loading
[00:17:38] [Worker-Main-9/INFO]: Found unifont_jp_patch-16.0.01.hex, loading
[00:17:39] [Render thread/INFO]: OpenAL initialized on device Multi-Output Device
[00:17:39] [Render thread/INFO]: Sound engine started
[00:17:39] [Render thread/INFO]: Created: 1024x512x4 minecraft:textures/atlas/blocks.png-atlas
[00:17:39] [Render thread/INFO]: Created: 256x256x4 minecraft:textures/atlas/signs.png-atlas
[00:17:39] [Render thread/INFO]: Created: 512x512x4 minecraft:textures/atlas/shield_patterns.png-atlas
[00:17:39] [Render thread/INFO]: Created: 512x512x4 minecraft:textures/atlas/banner_patterns.png-atlas
[00:17:39] [Render thread/INFO]: Created: 2048x1024x4 minecraft:textures/atlas/armor_trims.png-atlas
[00:17:39] [Render thread/INFO]: Created: 256x256x4 minecraft:textures/atlas/chest.png-atlas
[00:17:39] [Render thread/INFO]: Created: 128x64x4 minecraft:textures/atlas/decorated_pot.png-atlas
[00:17:39] [Render thread/INFO]: Created: 512x256x4 minecraft:textures/atlas/shulker_boxes.png-atlas
[00:17:39] [Render thread/INFO]: Created: 512x256x4 minecraft:textures/atlas/beds.png-atlas
[00:17:39] [Render thread/INFO]: Created: 64x64x0 minecraft:textures/atlas/map_decorations.png-atlas
[00:17:39] [Render thread/INFO]: Created: 512x256x0 minecraft:textures/atlas/particles.png-atlas
[00:17:39] [Render thread/INFO]: Created: 512x256x0 minecraft:textures/atlas/paintings.png-atlas
[00:17:39] [Render thread/INFO]: Created: 256x128x0 minecraft:textures/atlas/mob_effects.png-atlas
[00:17:39] [Render thread/INFO]: Created: 1024x512x0 minecraft:textures/atlas/gui.png-atlas
[00:17:41] [Render thread/INFO]: Stopping!
